Ex1 (OOP) Simulator log: stage B5.json,  out.csv
0.0,OOP_Ex1_Elevator_Simulator
0.0,Simulated Building, Building [-10,100]
0) ex1.Elevator_A, Elev_, id,0,  speed, 9.0, open: 1.1111111111111112,  start: 1.6666666666666667, close: 1.1111111111111112,  stop: 1.6666666666666667
1) ex1.Elevator_A, Elev_, id,1,  speed, 7.0, open: 1.4285714285714286,  start: 2.142857142857143, close: 1.4285714285714286,  stop: 2.142857142857143
2) ex1.Elevator_A, Elev_, id,2,  speed, 5.0, open: 2.0,  start: 3.0, close: 2.0,  stop: 3.0
3) ex1.Elevator_A, Elev_, id,3,  speed, 5.0, open: 2.0,  start: 3.0, close: 2.0,  stop: 3.0
4) ex1.Elevator_A, Elev_, id,4,  speed, 3.0, open: 2.0,  start: 3.0, close: 2.0,  stop: 3.0
5) ex1.Elevator_A, Elev_, id,5,  speed, 3.0, open: 2.0,  start: 3.0, close: 2.0,  stop: 3.0
6) ex1.Elevator_A, Elev_, id,6,  speed, 1.5, open: 2.0,  start: 3.0, close: 2.0,  stop: 3.0
7) ex1.Elevator_A, Elev_, id,7,  speed, 9.0, open: 1.1111111111111112,  start: 1.6666666666666667, close: 1.1111111111111112,  stop: 1.6666666666666667
8) ex1.Elevator_A, Elev_, id,8,  speed, 9.0, open: 1.1111111111111112,  start: 1.6666666666666667, close: 1.1111111111111112,  stop: 1.6666666666666667
9) ex1.Elevator_A, Elev_, id,9,  speed, 2.0, open: 2.0,  start: 3.0, close: 2.0,  stop: 3.0

0.0,Simulated Period starTime,0.0,  endTime,1104.1840186,  dt,1.0
0.0,Simulated  calls,Elevator log, size: 100
0.0,**** Simulation starts!! ****
5.0,Elevator call,4.37472729,0,-1,1,1, got allocated to elevator, 1
5.0,Elev,1,  arrived at src, 0, Elevator call,4.37472729,0,-1,2,1
5.0, elevID,1,  pos,0,  cmd, goto,-1
13.0,Elev,1,  arrived at dest, -1, this call is done!, Elevator call,4.37472729,0,-1,3,1, Done, dt, 8.62527271
17.0,Elevator call,16.95788289,-1,0,1,1, got allocated to elevator, 1
17.0,Elev,1,  arrived at src, -1, Elevator call,16.95788289,-1,0,2,1
17.0, elevID,1,  pos,-1,  cmd, goto,0
23.0,Elevator call,22.0940563,0,-1,1,0, got allocated to elevator, 0
23.0,Elev,0,  arrived at src, 0, Elevator call,22.0940563,0,-1,2,0
23.0, elevID,0,  pos,0,  cmd, goto,-1
25.0,Elev,1,  arrived at dest, 0, this call is done!, Elevator call,16.95788289,-1,0,3,1, Done, dt, 8.04211711
29.0,Elev,0,  arrived at dest, -1, this call is done!, Elevator call,22.0940563,0,-1,3,0, Done, dt, 6.905943700000002
86.0,Elevator call,85.52096662,3,2,1,0, got allocated to elevator, 0
86.0, elevID,0,  pos,-1,  cmd, goto,3
92.0,Elevator call,91.21019413,-1,-2,1,1, got allocated to elevator, 1
92.0,Elev,0,  arrived at src, 3, Elevator call,85.52096662,3,2,2,0
92.0, elevID,0,  pos,3,  cmd, goto,2
92.0, elevID,1,  pos,0,  cmd, goto,-1
98.0,Elev,0,  arrived at dest, 2, this call is done!, Elevator call,85.52096662,3,2,3,0, Done, dt, 12.479033380000004
100.0,Elev,1,  arrived at src, -1, Elevator call,91.21019413,-1,-2,2,1
100.0, elevID,1,  pos,-1,  cmd, goto,-2
105.0,Elevator call,104.1370124,0,4,1,0, got allocated to elevator, 0
105.0, elevID,0,  pos,2,  cmd, goto,0
108.0,Elev,1,  arrived at dest, -2, this call is done!, Elevator call,91.21019413,-1,-2,3,1, Done, dt, 16.789805869999995
110.0,Elevator call,109.2135291,-1,0,1,1, got allocated to elevator, 1
110.0, elevID,1,  pos,-2,  cmd, goto,-1
111.0,Elev,0,  arrived at src, 0, Elevator call,104.1370124,0,4,2,0
111.0, elevID,0,  pos,0,  cmd, goto,4
115.0,Elevator call,114.392351,3,0,1,0, got allocated to elevator, 0
117.0,Elev,0,  arrived at dest, 4, this call is done!, Elevator call,104.1370124,0,4,3,0, Done, dt, 12.862987599999997
117.0, elevID,0,  pos,4,  cmd, goto,3
118.0,Elev,1,  arrived at src, -1, Elevator call,109.2135291,-1,0,2,1
118.0, elevID,1,  pos,-1,  cmd, goto,0
123.0,Elev,0,  arrived at src, 3, Elevator call,114.392351,3,0,2,0
123.0, elevID,0,  pos,3,  cmd, goto,0
125.0,Elevator call,124.425571,0,9,1,1, got allocated to elevator, 1
126.0,Elev,1,  arrived at dest, 0, this call is done!, Elevator call,109.2135291,-1,0,3,1, Done, dt, 16.786470899999998
126.0,Elev,1,  arrived at src, 0, Elevator call,124.425571,0,9,2,1
126.0, elevID,1,  pos,0,  cmd, goto,9
129.0,Elev,0,  arrived at dest, 0, this call is done!, Elevator call,114.392351,3,0,3,0, Done, dt, 14.607648999999995
131.0,Elevator call,130.0249568,8,10,1,0, got allocated to elevator, 0
131.0,Elevator call,130.2249113,-1,1,1,1, got allocated to elevator, 1
131.0, elevID,0,  pos,0,  cmd, goto,8
135.0,Elev,1,  arrived at dest, 9, this call is done!, Elevator call,124.425571,0,9,3,1, Done, dt, 10.574428999999995
135.0, elevID,1,  pos,9,  cmd, goto,-1
138.0,Elevator call,137.9515274,0,4,1,0, got allocated to elevator, 0
138.0,Elev,0,  arrived at src, 8, Elevator call,130.0249568,8,10,2,0
138.0, elevID,0,  pos,8,  cmd, goto,10
144.0,Elevator call,143.9133584,0,6,1,1, got allocated to elevator, 1
144.0,Elev,0,  arrived at dest, 10, this call is done!, Elevator call,130.0249568,8,10,3,0, Done, dt, 13.975043199999988
144.0, elevID,0,  pos,10,  cmd, goto,0
144.0,Elev,1,  arrived at src, -1, Elevator call,130.2249113,-1,1,2,1
144.0, elevID,1,  pos,-1,  cmd, goto,0
151.0,Elev,0,  arrived at src, 0, Elevator call,137.9515274,0,4,2,0
151.0, elevID,0,  pos,0,  cmd, goto,4
152.0,Elev,1,  arrived at src, 0, Elevator call,143.9133584,0,6,2,1
152.0, elevID,1,  pos,0,  cmd, goto,1
157.0,Elev,0,  arrived at dest, 4, this call is done!, Elevator call,137.9515274,0,4,3,0, Done, dt, 19.048472599999997
160.0,Elev,1,  arrived at dest, 1, this call is done!, Elevator call,130.2249113,-1,1,3,1, Done, dt, 29.775088699999998
160.0, elevID,1,  pos,1,  cmd, goto,6
168.0,Elev,1,  arrived at dest, 6, this call is done!, Elevator call,143.9133584,0,6,3,1, Done, dt, 24.086641600000007
170.0,Elevator call,169.7845834,-1,0,1,0, got allocated to elevator, 0
170.0, elevID,0,  pos,4,  cmd, goto,-1
171.0,Elevator call,170.0099621,0,6,1,1, got allocated to elevator, 1
171.0, elevID,1,  pos,6,  cmd, goto,0
172.0,Elevator call,171.2117332,-1,8,1,1, got allocated to elevator, 1
175.0,Elevator call,174.8438515,0,-1,1,0, got allocated to elevator, 0
177.0,Elev,0,  arrived at src, -1, Elevator call,169.7845834,-1,0,2,0
177.0, elevID,0,  pos,-1,  cmd, goto,0
179.0,Elev,1,  arrived at src, 0, Elevator call,170.0099621,0,6,2,1
179.0, elevID,1,  pos,0,  cmd, goto,-1
183.0,Elev,0,  arrived at dest, 0, this call is done!, Elevator call,169.7845834,-1,0,3,0, Done, dt, 13.215416599999998
183.0,Elev,0,  arrived at src, 0, Elevator call,174.8438515,0,-1,2,0
183.0, elevID,0,  pos,0,  cmd, goto,-1
187.0,Elev,1,  arrived at src, -1, Elevator call,171.2117332,-1,8,2,1
187.0, elevID,1,  pos,-1,  cmd, goto,6
188.0,Elevator call,187.1167862,-1,-2,1,0, got allocated to elevator, 0
188.0,Elevator call,187.7299318,-1,-2,1,1, got allocated to elevator, 1
188.0, elevID,1,  pos,-1,  cmd, stop,-1
189.0,Elev,0,  arrived at dest, -1, this call is done!, Elevator call,174.8438515,0,-1,3,0, Done, dt, 14.1561485
189.0,Elev,0,  arrived at src, -1, Elevator call,187.1167862,-1,-2,2,0
189.0, elevID,0,  pos,-1,  cmd, goto,-2
195.0,Elev,0,  arrived at dest, -2, this call is done!, Elevator call,187.1167862,-1,-2,3,0, Done, dt, 7.883213799999993
195.0,Elev,1,  arrived at src, -1, Elevator call,187.7299318,-1,-2,2,1
195.0, elevID,1,  pos,-1,  cmd, goto,6
196.0,Elevator call,195.9086965,0,7,1,1, got allocated to elevator, 1
196.0, elevID,1,  pos,-1,  cmd, stop,0
198.0,Elevator call,197.5359191,-1,1,1,0, got allocated to elevator, 0
198.0, elevID,0,  pos,-2,  cmd, goto,-1
203.0,Elev,1,  arrived at src, 0, Elevator call,195.9086965,0,7,2,1
203.0, elevID,1,  pos,0,  cmd, goto,6
204.0,Elev,0,  arrived at src, -1, Elevator call,197.5359191,-1,1,2,0
204.0, elevID,0,  pos,-1,  cmd, goto,1
206.0,Elevator call,205.9895199,-1,0,1,0, got allocated to elevator, 0
206.0, elevID,0,  pos,-1,  cmd, stop,-1
210.0,Elev,0,  arrived at src, -1, Elevator call,205.9895199,-1,0,2,0
210.0, elevID,0,  pos,-1,  cmd, goto,0
211.0,Elev,1,  arrived at dest, 6, this call is done!, Elevator call,170.0099621,0,6,3,1, Done, dt, 40.990037900000004
211.0, elevID,1,  pos,6,  cmd, goto,7
216.0,Elev,0,  arrived at dest, 0, this call is done!, Elevator call,205.9895199,-1,0,3,0, Done, dt, 10.010480099999995
216.0, elevID,0,  pos,0,  cmd, goto,1
219.0,Elev,1,  arrived at dest, 7, this call is done!, Elevator call,195.9086965,0,7,3,1, Done, dt, 23.09130350000001
219.0, elevID,1,  pos,7,  cmd, goto,8
222.0,Elev,0,  arrived at dest, 1, this call is done!, Elevator call,197.5359191,-1,1,3,0, Done, dt, 24.4640809
227.0,Elev,1,  arrived at dest, 8, this call is done!, Elevator call,171.2117332,-1,8,3,1, Done, dt, 55.7882668
227.0, elevID,1,  pos,8,  cmd, goto,-2
228.0,Elevator call,227.0798305,-1,5,1,1, got allocated to elevator, 1
, elevID,1,  pos,8,  cmd, stop,-1
232.0,Elevator call,231.5157882,-1,0,1,0, got allocated to elevator, 0
232.0, elevID,0,  pos,1,  cmd, goto,-1
233.0,Elevator call,232.9504362,0,-1,1,1, got allocated to elevator, 1
236.0,Elev,1,  arrived at src, -1, Elevator call,227.0798305,-1,5,2,1
236.0, elevID,1,  pos,-1,  cmd, goto,-2
238.0,Elev,0,  arrived at src, -1, Elevator call,231.5157882,-1,0,2,0
238.0, elevID,0,  pos,-1,  cmd, goto,0
244.0,Elev,0,  arrived at dest, 0, this call is done!, Elevator call,231.5157882,-1,0,3,0, Done, dt, 12.484211799999997
244.0,Elev,1,  arrived at dest, -2, this call is done!, Elevator call,187.7299318,-1,-2,3,1, Done, dt, 56.2700682
244.0, elevID,1,  pos,-2,  cmd, goto,0
252.0,Elevator call,251.1044469,-1,-2,1,0, got allocated to elevator, 0
252.0,Elevator call,251.2359335,0,9,1,1, got allocated to elevator, 1
252.0, elevID,0,  pos,0,  cmd, goto,-1
252.0,Elev,1,  arrived at src, 0, Elevator call,232.9504362,0,-1,2,1
252.0,Elev,1,  arrived at src, 0, Elevator call,251.2359335,0,9,2,1
252.0, elevID,1,  pos,0,  cmd, goto,5
255.0,Elevator call,254.6977153,3,4,1,0, got allocated to elevator, 0
258.0,Elevator call,257.7974435,-1,0,1,1, got allocated to elevator, 1
258.0,Elev,0,  arrived at src, -1, Elevator call,251.1044469,-1,-2,2,0
258.0, elevID,0,  pos,-1,  cmd, goto,-2
260.0,Elev,1,  arrived at dest, 5, this call is done!, Elevator call,227.0798305,-1,5,3,1, Done, dt, 32.920169499999986
260.0, elevID,1,  pos,5,  cmd, goto,9
264.0,Elev,0,  arrived at dest, -2, this call is done!, Elevator call,251.1044469,-1,-2,3,0, Done, dt, 12.8955531
264.0, elevID,0,  pos,-2,  cmd, goto,3
268.0,Elev,1,  arrived at dest, 9, this call is done!, Elevator call,251.2359335,0,9,3,1, Done, dt, 16.764066500000013
268.0, elevID,1,  pos,9,  cmd, goto,-1
271.0,Elev,0,  arrived at src, 3, Elevator call,254.6977153,3,4,2,0
271.0, elevID,0,  pos,3,  cmd, goto,4
277.0,Elev,0,  arrived at dest, 4, this call is done!, Elevator call,254.6977153,3,4,3,0, Done, dt, 22.3022847
277.0,Elev,1,  arrived at dest, -1, this call is done!, Elevator call,232.9504362,0,-1,3,1, Done, dt, 44.04956379999999
277.0,Elev,1,  arrived at src, -1, Elevator call,257.7974435,-1,0,2,1
277.0, elevID,1,  pos,-1,  cmd, goto,0
285.0,Elev,1,  arrived at dest, 0, this call is done!, Elevator call,257.7974435,-1,0,3,1, Done, dt, 27.202556500000014
296.0,Elevator call,295.7943357,0,1,1,0, got allocated to elevator, 0
296.0, elevID,0,  pos,4,  cmd, goto,0
302.0,Elev,0,  arrived at src, 0, Elevator call,295.7943357,0,1,2,0
302.0, elevID,0,  pos,0,  cmd, goto,1
305.0,Elevator call,304.9984388,6,0,1,1, got allocated to elevator, 1
305.0, elevID,1,  pos,0,  cmd, goto,6
308.0,Elev,0,  arrived at dest, 1, this call is done!, Elevator call,295.7943357,0,1,3,0, Done, dt, 12.205664300000024
310.0,Elevator call,309.3005383,0,-1,1,0, got allocated to elevator, 0
310.0, elevID,0,  pos,1,  cmd, goto,0
313.0,Elevator call,312.3018556,0,-1,1,1, got allocated to elevator, 1
313.0,Elev,1,  arrived at src, 6, Elevator call,304.9984388,6,0,2,1
313.0, elevID,1,  pos,6,  cmd, goto,0
316.0,Elev,0,  arrived at src, 0, Elevator call,309.3005383,0,-1,2,0
316.0, elevID,0,  pos,0,  cmd, goto,-1
317.0,Elevator call,316.0323783,0,-1,1,0, got allocated to elevator, 0
, elevID,0,  pos,0,  cmd, stop,0
320.0,Elevator call,319.905202,6,5,1,1, got allocated to elevator, 1
321.0,Elevator call,320.9760749,-1,0,1,0, got allocated to elevator, 0
321.0,Elev,1,  arrived at dest, 0, this call is done!, Elevator call,304.9984388,6,0,3,1, Done, dt, 16.001561200000026
321.0,Elev,1,  arrived at src, 0, Elevator call,312.3018556,0,-1,2,1
321.0, elevID,1,  pos,0,  cmd, goto,-1
322.0,Elevator call,321.370409,7,-1,1,1, got allocated to elevator, 1
322.0,Elev,0,  arrived at src, 0, Elevator call,316.0323783,0,-1,2,0
322.0, elevID,0,  pos,0,  cmd, goto,-1
328.0,Elev,0,  arrived at dest, -1, this call is done!, Elevator call,309.3005383,0,-1,3,0, Done, dt, 18.699461699999972
328.0,Elev,0,  arrived at dest, -1, this call is done!, Elevator call,316.0323783,0,-1,3,0, Done, dt, 11.967621699999995
328.0,Elev,0,  arrived at src, -1, Elevator call,320.9760749,-1,0,2,0
328.0, elevID,0,  pos,-1,  cmd, goto,0
329.0,Elev,1,  arrived at dest, -1, this call is done!, Elevator call,312.3018556,0,-1,3,1, Done, dt, 16.69814439999999
329.0, elevID,1,  pos,-1,  cmd, goto,6
333.0,Elevator call,332.4267319,0,10,1,1, got allocated to elevator, 1
334.0,Elev,0,  arrived at dest, 0, this call is done!, Elevator call,320.9760749,-1,0,3,0, Done, dt, 13.023925099999985
337.0,Elevator call,336.9304305,-1,0,1,0, got allocated to elevator, 0
337.0, elevID,0,  pos,0,  cmd, goto,-1
338.0,Elev,1,  arrived at src, 6, Elevator call,319.905202,6,5,2,1
338.0, elevID,1,  pos,6,  cmd, goto,7
343.0,Elev,0,  arrived at src, -1, Elevator call,336.9304305,-1,0,2,0
343.0, elevID,0,  pos,-1,  cmd, goto,0
346.0,Elev,1,  arrived at src, 7, Elevator call,321.370409,7,-1,2,1
346.0, elevID,1,  pos,7,  cmd, goto,5
349.0,Elev,0,  arrived at dest, 0, this call is done!, Elevator call,336.9304305,-1,0,3,0, Done, dt, 12.0695695
354.0,Elev,1,  arrived at dest, 5, this call is done!, Elevator call,319.905202,6,5,3,1, Done, dt, 34.094798000000026
354.0, elevID,1,  pos,5,  cmd, goto,0
362.0,Elev,1,  arrived at src, 0, Elevator call,332.4267319,0,10,2,1
362.0, elevID,1,  pos,0,  cmd, goto,-1
370.0,Elev,1,  arrived at dest, -1, this call is done!, Elevator call,321.370409,7,-1,3,1, Done, dt, 48.629591000000005
370.0, elevID,1,  pos,-1,  cmd, goto,10
376.0,Elevator call,375.490481,1,0,1,0, got allocated to elevator, 0
376.0, elevID,0,  pos,0,  cmd, goto,1
379.0,Elev,1,  arrived at dest, 10, this call is done!, Elevator call,332.4267319,0,10,3,1, Done, dt, 46.57326810000001
382.0,Elev,0,  arrived at src, 1, Elevator call,375.490481,1,0,2,0
382.0, elevID,0,  pos,1,  cmd, goto,0
388.0,Elev,0,  arrived at dest, 0, this call is done!, Elevator call,375.490481,1,0,3,0, Done, dt, 12.509519000000012
393.0,Elevator call,392.5160765,0,5,1,1, got allocated to elevator, 1
393.0, elevID,1,  pos,10,  cmd, goto,0
402.0,Elev,1,  arrived at src, 0, Elevator call,392.5160765,0,5,2,1
402.0, elevID,1,  pos,0,  cmd, goto,5
406.0,Elevator call,405.1821141,-1,10,1,1, got allocated to elevator, 1
410.0,Elev,1,  arrived at dest, 5, this call is done!, Elevator call,392.5160765,0,5,3,1, Done, dt, 17.483923500000003
410.0, elevID,1,  pos,5,  cmd, goto,-1
418.0,Elev,1,  arrived at src, -1, Elevator call,405.1821141,-1,10,2,1
418.0, elevID,1,  pos,-1,  cmd, goto,10
427.0,Elevator call,426.8615805,2,0,1,0, got allocated to elevator, 0
427.0, elevID,0,  pos,0,  cmd, goto,2
427.0,Elev,1,  arrived at dest, 10, this call is done!, Elevator call,405.1821141,-1,10,3,1, Done, dt, 21.81788590000002
433.0,Elev,0,  arrived at src, 2, Elevator call,426.8615805,2,0,2,0
433.0, elevID,0,  pos,2,  cmd, goto,0
438.0,Elevator call,437.1711158,1,0,1,0, got allocated to elevator, 0
439.0,Elev,0,  arrived at dest, 0, this call is done!, Elevator call,426.8615805,2,0,3,0, Done, dt, 12.138419499999998
439.0, elevID,0,  pos,0,  cmd, goto,1
445.0,Elev,0,  arrived at src, 1, Elevator call,437.1711158,1,0,2,0
445.0, elevID,0,  pos,1,  cmd, goto,0
451.0,Elev,0,  arrived at dest, 0, this call is done!, Elevator call,437.1711158,1,0,3,0, Done, dt, 13.828884200000005
473.0,Elevator call,472.7445474,10,-1,1,1, got allocated to elevator, 1
473.0,Elev,1,  arrived at src, 10, Elevator call,472.7445474,10,-1,2,1
473.0, elevID,1,  pos,10,  cmd, goto,-1
482.0,Elev,1,  arrived at dest, -1, this call is done!, Elevator call,472.7445474,10,-1,3,1, Done, dt, 9.255452600000012
501.0,Elevator call,500.3712045,8,-1,1,1, got allocated to elevator, 1
501.0, elevID,1,  pos,-1,  cmd, goto,8
504.0,Elevator call,503.1384784,1,-1,1,0, got allocated to elevator, 0
504.0, elevID,0,  pos,0,  cmd, goto,1
505.0,Elevator call,504.4317942,0,-1,1,1, got allocated to elevator, 1
510.0,Elev,0,  arrived at src, 1, Elevator call,503.1384784,1,-1,2,0
510.0, elevID,0,  pos,1,  cmd, goto,-1
510.0,Elev,1,  arrived at src, 8, Elevator call,500.3712045,8,-1,2,1
510.0, elevID,1,  pos,8,  cmd, goto,0
516.0,Elev,0,  arrived at dest, -1, this call is done!, Elevator call,503.1384784,1,-1,3,0, Done, dt, 12.861521600000003
519.0,Elev,1,  arrived at src, 0, Elevator call,504.4317942,0,-1,2,1
519.0, elevID,1,  pos,0,  cmd, goto,-1
527.0,Elev,1,  arrived at dest, -1, this call is done!, Elevator call,500.3712045,8,-1,3,1, Done, dt, 26.628795500000024
527.0,Elev,1,  arrived at dest, -1, this call is done!, Elevator call,504.4317942,0,-1,3,1, Done, dt, 22.568205799999987
530.0,Elevator call,529.6277472,3,-1,1,1, got allocated to elevator, 1
530.0, elevID,1,  pos,-1,  cmd, goto,3
538.0,Elevator call,537.7866884,-1,6,1,1, got allocated to elevator, 1
538.0,Elev,1,  arrived at src, 3, Elevator call,529.6277472,3,-1,2,1
538.0, elevID,1,  pos,3,  cmd, goto,-1
545.0,Elevator call,544.7880392,6,-1,1,1, got allocated to elevator, 1
546.0,Elev,1,  arrived at dest, -1, this call is done!, Elevator call,529.6277472,3,-1,3,1, Done, dt, 16.372252799999956
546.0,Elev,1,  arrived at src, -1, Elevator call,537.7866884,-1,6,2,1
546.0, elevID,1,  pos,-1,  cmd, goto,6
555.0,Elevator call,554.0892923,4,0,1,0, got allocated to elevator, 0
555.0, elevID,0,  pos,-1,  cmd, goto,4
555.0,Elev,1,  arrived at dest, 6, this call is done!, Elevator call,537.7866884,-1,6,3,1, Done, dt, 17.213311599999997
555.0,Elev,1,  arrived at src, 6, Elevator call,544.7880392,6,-1,2,1
555.0, elevID,1,  pos,6,  cmd, goto,-1
558.0,Elevator call,557.244139,10,0,1,1, got allocated to elevator, 1
562.0,Elev,0,  arrived at src, 4, Elevator call,554.0892923,4,0,2,0
562.0, elevID,0,  pos,4,  cmd, goto,0
564.0,Elev,1,  arrived at dest, -1, this call is done!, Elevator call,544.7880392,6,-1,3,1, Done, dt, 19.211960800000043
564.0, elevID,1,  pos,-1,  cmd, goto,10
566.0,Elevator call,565.0195522,0,-1,1,0, got allocated to elevator, 0
568.0,Elev,0,  arrived at dest, 0, this call is done!, Elevator call,554.0892923,4,0,3,0, Done, dt, 13.910707699999989
568.0,Elev,0,  arrived at src, 0, Elevator call,565.0195522,0,-1,2,0
568.0, elevID,0,  pos,0,  cmd, goto,-1
573.0,Elev,1,  arrived at src, 10, Elevator call,557.244139,10,0,2,1
573.0, elevID,1,  pos,10,  cmd, goto,0
574.0,Elev,0,  arrived at dest, -1, this call is done!, Elevator call,565.0195522,0,-1,3,0, Done, dt, 8.980447799999979
582.0,Elevator call,581.870309,0,3,1,0, got allocated to elevator, 0
582.0, elevID,0,  pos,-1,  cmd, goto,0
582.0,Elev,1,  arrived at dest, 0, this call is done!, Elevator call,557.244139,10,0,3,1, Done, dt, 24.75586099999998
588.0,Elev,0,  arrived at src, 0, Elevator call,581.870309,0,3,2,0
588.0, elevID,0,  pos,0,  cmd, goto,3
594.0,Elev,0,  arrived at dest, 3, this call is done!, Elevator call,581.870309,0,3,3,0, Done, dt, 12.12969099999998
597.0,Elevator call,596.1232023,8,0,1,1, got allocated to elevator, 1
597.0, elevID,1,  pos,0,  cmd, goto,8
601.0,Elevator call,600.931288,1,0,1,0, got allocated to elevator, 0
601.0, elevID,0,  pos,3,  cmd, goto,1
604.0,Elevator call,603.9342327,7,0,1,1, got allocated to elevator, 1
606.0,Elev,1,  arrived at src, 8, Elevator call,596.1232023,8,0,2,1
606.0, elevID,1,  pos,8,  cmd, goto,7
607.0,Elev,0,  arrived at src, 1, Elevator call,600.931288,1,0,2,0
607.0, elevID,0,  pos,1,  cmd, goto,0
613.0,Elev,0,  arrived at dest, 0, this call is done!, Elevator call,600.931288,1,0,3,0, Done, dt, 12.068712000000005
614.0,Elev,1,  arrived at src, 7, Elevator call,603.9342327,7,0,2,1
614.0, elevID,1,  pos,7,  cmd, goto,0
618.0,Elevator call,617.9628339,0,3,1,0, got allocated to elevator, 0
618.0,Elev,0,  arrived at src, 0, Elevator call,617.9628339,0,3,2,0
618.0, elevID,0,  pos,0,  cmd, goto,3
620.0,Elevator call,619.6454197,9,0,1,1, got allocated to elevator, 1
623.0,Elev,1,  arrived at dest, 0, this call is done!, Elevator call,596.1232023,8,0,3,1, Done, dt, 26.876797699999997
623.0,Elev,1,  arrived at dest, 0, this call is done!, Elevator call,603.9342327,7,0,3,1, Done, dt, 19.065767299999948
623.0, elevID,1,  pos,0,  cmd, goto,9
624.0,Elev,0,  arrived at dest, 3, this call is done!, Elevator call,617.9628339,0,3,3,0, Done, dt, 6.037166100000036
627.0,Elevator call,626.2116172,0,1,1,0, got allocated to elevator, 0
627.0, elevID,0,  pos,3,  cmd, goto,0
632.0,Elev,1,  arrived at src, 9, Elevator call,619.6454197,9,0,2,1
632.0, elevID,1,  pos,9,  cmd, goto,0
633.0,Elev,0,  arrived at src, 0, Elevator call,626.2116172,0,1,2,0
633.0, elevID,0,  pos,0,  cmd, goto,1
639.0,Elev,0,  arrived at dest, 1, this call is done!, Elevator call,626.2116172,0,1,3,0, Done, dt, 12.788382800000022
641.0,Elev,1,  arrived at dest, 0, this call is done!, Elevator call,619.6454197,9,0,3,1, Done, dt, 21.354580299999952
644.0,Elevator call,643.8547515,-1,2,1,1, got allocated to elevator, 1
644.0, elevID,1,  pos,0,  cmd, goto,-1
652.0,Elev,1,  arrived at src, -1, Elevator call,643.8547515,-1,2,2,1
652.0, elevID,1,  pos,-1,  cmd, goto,2
660.0,Elev,1,  arrived at dest, 2, this call is done!, Elevator call,643.8547515,-1,2,3,1, Done, dt, 16.14524849999998
661.0,Elevator call,660.0732908,6,10,1,1, got allocated to elevator, 1
661.0, elevID,1,  pos,2,  cmd, goto,6
662.0,Elevator call,661.042082,-1,3,1,0, got allocated to elevator, 0
662.0, elevID,0,  pos,1,  cmd, goto,-1
663.0,Elevator call,662.1730528,-1,5,1,1, got allocated to elevator, 1
666.0,Elevator call,665.1155549,-1,8,1,1, got allocated to elevator, 1
667.0,Elevator call,666.0340295,4,0,1,0, got allocated to elevator, 0
667.0,Elevator call,666.2411587,5,-1,1,1, got allocated to elevator, 1
668.0,Elev,0,  arrived at src, -1, Elevator call,661.042082,-1,3,2,0
668.0, elevID,0,  pos,-1,  cmd, goto,3
669.0,Elev,1,  arrived at src, 6, Elevator call,660.0732908,6,10,2,1
669.0, elevID,1,  pos,6,  cmd, goto,10
673.0,Elevator call,672.6773142,0,-1,1,0, got allocated to elevator, 0
674.0,Elev,0,  arrived at dest, 3, this call is done!, Elevator call,661.042082,-1,3,3,0, Done, dt, 12.95791799999995
674.0, elevID,0,  pos,3,  cmd, goto,4
677.0,Elev,1,  arrived at dest, 10, this call is done!, Elevator call,660.0732908,6,10,3,1, Done, dt, 16.926709200000005
677.0, elevID,1,  pos,10,  cmd, goto,5
678.0,Elevator call,677.7341948,0,-1,1,0, got allocated to elevator, 0
679.0,Elevator call,678.9953585,-1,-2,1,0, got allocated to elevator, 0
680.0,Elev,0,  arrived at src, 4, Elevator call,666.0340295,4,0,2,0
680.0, elevID,0,  pos,4,  cmd, goto,0
685.0,Elev,1,  arrived at src, 5, Elevator call,666.2411587,5,-1,2,1
685.0, elevID,1,  pos,5,  cmd, goto,-1
686.0,Elev,0,  arrived at dest, 0, this call is done!, Elevator call,666.0340295,4,0,3,0, Done, dt, 19.965970500000026
686.0,Elev,0,  arrived at src, 0, Elevator call,672.6773142,0,-1,2,0
686.0,Elev,0,  arrived at src, 0, Elevator call,677.7341948,0,-1,2,0
686.0, elevID,0,  pos,0,  cmd, goto,-1
692.0,Elev,0,  arrived at dest, -1, this call is done!, Elevator call,672.6773142,0,-1,3,0, Done, dt, 19.322685800000045
692.0,Elev,0,  arrived at dest, -1, this call is done!, Elevator call,677.7341948,0,-1,3,0, Done, dt, 14.265805200000045
692.0,Elev,0,  arrived at src, -1, Elevator call,678.9953585,-1,-2,2,0
692.0, elevID,0,  pos,-1,  cmd, goto,-2
693.0,Elev,1,  arrived at src, -1, Elevator call,662.1730528,-1,5,2,1
693.0,Elev,1,  arrived at src, -1, Elevator call,665.1155549,-1,8,2,1
693.0,Elev,1,  arrived at dest, -1, this call is done!, Elevator call,666.2411587,5,-1,3,1, Done, dt, 26.758841299999972
693.0, elevID,1,  pos,-1,  cmd, goto,5
696.0,Elevator call,695.2239882,0,10,1,1, got allocated to elevator, 1
696.0, elevID,1,  pos,-1,  cmd, stop,0
698.0,Elev,0,  arrived at dest, -2, this call is done!, Elevator call,678.9953585,-1,-2,3,0, Done, dt, 19.004641500000048
701.0,Elev,1,  arrived at src, 0, Elevator call,695.2239882,0,10,2,1
701.0, elevID,1,  pos,0,  cmd, goto,5
707.0,Elevator call,706.1583475,-1,-2,1,0, got allocated to elevator, 0
707.0, elevID,0,  pos,-2,  cmd, goto,-1
709.0,Elev,1,  arrived at dest, 5, this call is done!, Elevator call,662.1730528,-1,5,3,1, Done, dt, 46.82694719999995
709.0, elevID,1,  pos,5,  cmd, goto,8
711.0,Elevator call,710.324977,0,1,1,0, got allocated to elevator, 0
713.0,Elev,0,  arrived at src, -1, Elevator call,706.1583475,-1,-2,2,0
713.0, elevID,0,  pos,-1,  cmd, goto,0
714.0,Elevator call,713.0191971,1,0,1,0, got allocated to elevator, 0
714.0,Elevator call,713.2499766,10,-1,1,1, got allocated to elevator, 1
717.0,Elev,1,  arrived at dest, 8, this call is done!, Elevator call,665.1155549,-1,8,3,1, Done, dt, 51.88444509999999
717.0, elevID,1,  pos,8,  cmd, goto,10
719.0,Elev,0,  arrived at src, 0, Elevator call,710.324977,0,1,2,0
719.0, elevID,0,  pos,0,  cmd, goto,1
723.0,Elevator call,722.6161213,10,0,1,1, got allocated to elevator, 1
725.0,Elev,0,  arrived at dest, 1, this call is done!, Elevator call,710.324977,0,1,3,0, Done, dt, 14.67502300000001
725.0,Elev,0,  arrived at src, 1, Elevator call,713.0191971,1,0,2,0
725.0, elevID,0,  pos,1,  cmd, goto,0
725.0,Elev,1,  arrived at dest, 10, this call is done!, Elevator call,695.2239882,0,10,3,1, Done, dt, 29.776011799999992
725.0,Elev,1,  arrived at src, 10, Elevator call,713.2499766,10,-1,2,1
725.0,Elev,1,  arrived at src, 10, Elevator call,722.6161213,10,0,2,1
725.0, elevID,1,  pos,10,  cmd, goto,0
728.0,Elevator call,727.5146029,-1,0,1,0, got allocated to elevator, 0
731.0,Elev,0,  arrived at dest, 0, this call is done!, Elevator call,713.0191971,1,0,3,0, Done, dt, 17.980802899999958
731.0, elevID,0,  pos,0,  cmd, goto,-1
733.0,Elevator call,732.9746341,6,-1,1,1, got allocated to elevator, 1
734.0,Elev,1,  arrived at dest, 0, this call is done!, Elevator call,722.6161213,10,0,3,1, Done, dt, 11.383878699999968
734.0, elevID,1,  pos,0,  cmd, goto,-1
737.0,Elev,0,  arrived at src, -1, Elevator call,727.5146029,-1,0,2,0
737.0, elevID,0,  pos,-1,  cmd, goto,-2
738.0,Elevator call,737.3147202,1,0,1,0, got allocated to elevator, 0
742.0,Elev,1,  arrived at dest, -1, this call is done!, Elevator call,713.2499766,10,-1,3,1, Done, dt, 28.750023400000032
742.0, elevID,1,  pos,-1,  cmd, goto,6
743.0,Elev,0,  arrived at dest, -2, this call is done!, Elevator call,706.1583475,-1,-2,3,0, Done, dt, 36.84165250000001
743.0, elevID,0,  pos,-2,  cmd, goto,0
749.0,Elev,0,  arrived at dest, 0, this call is done!, Elevator call,727.5146029,-1,0,3,0, Done, dt, 21.4853971
749.0, elevID,0,  pos,0,  cmd, goto,1
751.0,Elev,1,  arrived at src, 6, Elevator call,732.9746341,6,-1,2,1
751.0, elevID,1,  pos,6,  cmd, goto,-1
755.0,Elev,0,  arrived at src, 1, Elevator call,737.3147202,1,0,2,0
755.0, elevID,0,  pos,1,  cmd, goto,0
760.0,Elev,1,  arrived at dest, -1, this call is done!, Elevator call,732.9746341,6,-1,3,1, Done, dt, 27.025365899999997
761.0,Elev,0,  arrived at dest, 0, this call is done!, Elevator call,737.3147202,1,0,3,0, Done, dt, 23.68527979999999
780.0,Elevator call,779.3996914,-1,5,1,1, got allocated to elevator, 1
780.0,Elev,1,  arrived at src, -1, Elevator call,779.3996914,-1,5,2,1
780.0, elevID,1,  pos,-1,  cmd, goto,5
788.0,Elev,1,  arrived at dest, 5, this call is done!, Elevator call,779.3996914,-1,5,3,1, Done, dt, 8.600308599999948
806.0,Elevator call,805.6754743,-1,-2,1,0, got allocated to elevator, 0
806.0, elevID,0,  pos,0,  cmd, goto,-1
811.0,Elevator call,810.4469089,2,0,1,1, got allocated to elevator, 1
811.0, elevID,1,  pos,5,  cmd, goto,2
812.0,Elev,0,  arrived at src, -1, Elevator call,805.6754743,-1,-2,2,0
812.0, elevID,0,  pos,-1,  cmd, goto,-2
817.0,Elevator call,816.1516998,7,-1,1,1, got allocated to elevator, 1
818.0,Elev,0,  arrived at dest, -2, this call is done!, Elevator call,805.6754743,-1,-2,3,0, Done, dt, 12.324525699999981
819.0,Elev,1,  arrived at src, 2, Elevator call,810.4469089,2,0,2,1
819.0, elevID,1,  pos,2,  cmd, goto,0
826.0,Elevator call,825.4575185,7,0,1,1, got allocated to elevator, 1
827.0,Elev,1,  arrived at dest, 0, this call is done!, Elevator call,810.4469089,2,0,3,1, Done, dt, 16.55309109999996
827.0, elevID,1,  pos,0,  cmd, goto,7
836.0,Elev,1,  arrived at src, 7, Elevator call,816.1516998,7,-1,2,1
836.0,Elev,1,  arrived at src, 7, Elevator call,825.4575185,7,0,2,1
836.0, elevID,1,  pos,7,  cmd, goto,0
840.0,Elevator call,839.8525653,0,1,1,0, got allocated to elevator, 0
840.0, elevID,0,  pos,-2,  cmd, goto,0
845.0,Elev,1,  arrived at dest, 0, this call is done!, Elevator call,825.4575185,7,0,3,1, Done, dt, 19.542481500000008
845.0, elevID,1,  pos,0,  cmd, goto,-1
846.0,Elev,0,  arrived at src, 0, Elevator call,839.8525653,0,1,2,0
846.0, elevID,0,  pos,0,  cmd, goto,1
852.0,Elev,0,  arrived at dest, 1, this call is done!, Elevator call,839.8525653,0,1,3,0, Done, dt, 12.147434699999963
853.0,Elev,1,  arrived at dest, -1, this call is done!, Elevator call,816.1516998,7,-1,3,1, Done, dt, 36.84830020000004
855.0,Elevator call,854.2002278,6,-1,1,1, got allocated to elevator, 1
855.0, elevID,1,  pos,-1,  cmd, goto,6
864.0,Elevator call,863.8932913,0,-1,1,0, got allocated to elevator, 0
864.0, elevID,0,  pos,1,  cmd, goto,0
864.0,Elev,1,  arrived at src, 6, Elevator call,854.2002278,6,-1,2,1
864.0, elevID,1,  pos,6,  cmd, goto,-1
870.0,Elev,0,  arrived at src, 0, Elevator call,863.8932913,0,-1,2,0
870.0, elevID,0,  pos,0,  cmd, goto,-1
871.0,Elevator call,870.5053024,0,7,1,1, got allocated to elevator, 1
873.0,Elev,1,  arrived at dest, -1, this call is done!, Elevator call,854.2002278,6,-1,3,1, Done, dt, 18.799772200000007
873.0, elevID,1,  pos,-1,  cmd, goto,0
876.0,Elev,0,  arrived at dest, -1, this call is done!, Elevator call,863.8932913,0,-1,3,0, Done, dt, 12.106708700000013
881.0,Elev,1,  arrived at src, 0, Elevator call,870.5053024,0,7,2,1
881.0, elevID,1,  pos,0,  cmd, goto,7
887.0,Elevator call,886.5649993,-1,-2,1,0, got allocated to elevator, 0
887.0,Elev,0,  arrived at src, -1, Elevator call,886.5649993,-1,-2,2,0
887.0, elevID,0,  pos,-1,  cmd, goto,-2
890.0,Elev,1,  arrived at dest, 7, this call is done!, Elevator call,870.5053024,0,7,3,1, Done, dt, 19.494697599999995
893.0,Elevator call,892.5212151,9,-1,1,1, got allocated to elevator, 1
893.0,Elev,0,  arrived at dest, -2, this call is done!, Elevator call,886.5649993,-1,-2,3,0, Done, dt, 6.435000700000046
893.0, elevID,1,  pos,7,  cmd, goto,9
901.0,Elev,1,  arrived at src, 9, Elevator call,892.5212151,9,-1,2,1
901.0, elevID,1,  pos,9,  cmd, goto,-1
910.0,Elev,1,  arrived at dest, -1, this call is done!, Elevator call,892.5212151,9,-1,3,1, Done, dt, 17.47878490000005
911.0,Elevator call,910.5388559,6,5,1,0, got allocated to elevator, 0
911.0, elevID,0,  pos,-2,  cmd, goto,6
916.0,Elevator call,915.9490575,4,-1,1,1, got allocated to elevator, 1
916.0, elevID,1,  pos,-1,  cmd, goto,4
918.0,Elev,0,  arrived at src, 6, Elevator call,910.5388559,6,5,2,0
918.0, elevID,0,  pos,6,  cmd, goto,5
924.0,Elev,0,  arrived at dest, 5, this call is done!, Elevator call,910.5388559,6,5,3,0, Done, dt, 13.461144099999956
924.0,Elev,1,  arrived at src, 4, Elevator call,915.9490575,4,-1,2,1
924.0, elevID,1,  pos,4,  cmd, goto,-1
932.0,Elev,1,  arrived at dest, -1, this call is done!, Elevator call,915.9490575,4,-1,3,1, Done, dt, 16.05094250000002
934.0,Elevator call,933.8580452,7,5,1,0, got allocated to elevator, 0
934.0, elevID,0,  pos,5,  cmd, goto,7
940.0,Elev,0,  arrived at src, 7, Elevator call,933.8580452,7,5,2,0
940.0, elevID,0,  pos,7,  cmd, goto,5
946.0,Elev,0,  arrived at dest, 5, this call is done!, Elevator call,933.8580452,7,5,3,0, Done, dt, 12.141954800000008
962.0,Elevator call,961.6862856,6,-1,1,1, got allocated to elevator, 1
962.0, elevID,1,  pos,-1,  cmd, goto,6
971.0,Elev,1,  arrived at src, 6, Elevator call,961.6862856,6,-1,2,1
971.0, elevID,1,  pos,6,  cmd, goto,-1
973.0,Elevator call,972.8032126,1,0,1,0, got allocated to elevator, 0
973.0, elevID,0,  pos,5,  cmd, goto,1
976.0,Elevator call,975.8361203,0,-1,1,0, got allocated to elevator, 0
979.0,Elevator call,978.5925149,10,0,1,1, got allocated to elevator, 1
979.0,Elevator call,978.6210501,10,-1,1,1, got allocated to elevator, 1
979.0,Elev,0,  arrived at src, 1, Elevator call,972.8032126,1,0,2,0
979.0, elevID,0,  pos,1,  cmd, goto,0
980.0,Elev,1,  arrived at dest, -1, this call is done!, Elevator call,961.6862856,6,-1,3,1, Done, dt, 18.31371439999998
980.0, elevID,1,  pos,-1,  cmd, goto,10
985.0,Elevator call,984.1840186,7,0,1,1, got allocated to elevator, 1
985.0,Elev,0,  arrived at dest, 0, this call is done!, Elevator call,972.8032126,1,0,3,0, Done, dt, 12.196787399999948
985.0,Elev,0,  arrived at src, 0, Elevator call,975.8361203,0,-1,2,0
985.0, elevID,0,  pos,0,  cmd, goto,-1
989.0,Elev,1,  arrived at src, 10, Elevator call,978.5925149,10,0,2,1
989.0,Elev,1,  arrived at src, 10, Elevator call,978.6210501,10,-1,2,1
989.0, elevID,1,  pos,10,  cmd, goto,7
991.0,Elev,0,  arrived at dest, -1, this call is done!, Elevator call,975.8361203,0,-1,3,0, Done, dt, 15.163879700000052
997.0,Elev,1,  arrived at src, 7, Elevator call,984.1840186,7,0,2,1
997.0, elevID,1,  pos,7,  cmd, goto,0
1006.0,Elev,1,  arrived at dest, 0, this call is done!, Elevator call,978.5925149,10,0,3,1, Done, dt, 27.40748510000003
1006.0,Elev,1,  arrived at dest, 0, this call is done!, Elevator call,984.1840186,7,0,3,1, Done, dt, 21.815981400000055
1006.0, elevID,1,  pos,0,  cmd, goto,-1
1014.0,Elev,1,  arrived at dest, -1, this call is done!, Elevator call,978.6210501,10,-1,3,1, Done, dt, 35.37894989999995
1015.0,************* Simulation Ended ************
Code Owners,209128966,337959928,324466671,  Building_file,B5.json,  Calls,out.csv
Total waiting time: 1957.0,  average waiting time per call: 19.57,  unCompleted calls,0,  certificate, -78902653
